[2026-05-26T08:37:56.790Z] EMAIL DISPATCHED TO: alex.rivera@monitorpro.sre
SUBJECT: [CRITICAL] SRE Alert Triggered - https://thisdomaindoesnotexistatall12345.org

body { font-family: -apple-system, BlinkMacSystemFont, "Segoe UI", Roboto, sans-serif; color: #1e293b; background-color: #f8fafc; padding: 20px; }
          .card { max-width: 580px; margin: 0 auto; background: white; border-radius: 12px; border: 1px solid #e2e8f0; box-shadow: 0 4px 6px -1px rgba(0,...
--------------------------------------------------

[2026-05-26T08:37:56.791Z] EMAIL DISPATCHED TO: alex.rivera@monitorpro.sre
SUBJECT: [WARNING] SRE Alert Triggered - https://thisdomaindoesnotexistatall12345.org

body { font-family: -apple-system, BlinkMacSystemFont, "Segoe UI", Roboto, sans-serif; color: #1e293b; background-color: #f8fafc; padding: 20px; }
          .card { max-width: 580px; margin: 0 auto; background: white; border-radius: 12px; border: 1px solid #e2e8f0; box-shadow: 0 4px 6px -1px rgba(0,...
--------------------------------------------------

[2026-05-26T08:37:56.793Z] EMAIL DISPATCHED TO: alex.rivera@monitorpro.sre
SUBJECT: [CRITICAL] SRE Alert Triggered - https://thisdomaindoesnotexistatall12345.org

body { font-family: -apple-system, BlinkMacSystemFont, "Segoe UI", Roboto, sans-serif; color: #1e293b; background-color: #f8fafc; padding: 20px; }
          .card { max-width: 580px; margin: 0 auto; background: white; border-radius: 12px; border: 1px solid #e2e8f0; box-shadow: 0 4px 6px -1px rgba(0,...
--------------------------------------------------

[2026-05-26T08:37:56.793Z] EMAIL DISPATCHED TO: alex.rivera@monitorpro.sre
SUBJECT: [WARNING] SRE Alert Triggered - https://thisdomaindoesnotexistatall12345.org

body { font-family: -apple-system, BlinkMacSystemFont, "Segoe UI", Roboto, sans-serif; color: #1e293b; background-color: #f8fafc; padding: 20px; }
          .card { max-width: 580px; margin: 0 auto; background: white; border-radius: 12px; border: 1px solid #e2e8f0; box-shadow: 0 4px 6px -1px rgba(0,...
--------------------------------------------------

[2026-05-26T08:37:56.794Z] EMAIL DISPATCHED TO: alex.rivera@monitorpro.sre
SUBJECT: [CRITICAL] SRE Alert Triggered - https://thisdomaindoesnotexistatall12345.org

body { font-family: -apple-system, BlinkMacSystemFont, "Segoe UI", Roboto, sans-serif; color: #1e293b; background-color: #f8fafc; padding: 20px; }
          .card { max-width: 580px; margin: 0 auto; background: white; border-radius: 12px; border: 1px solid #e2e8f0; box-shadow: 0 4px 6px -1px rgba(0,...
--------------------------------------------------

[2026-05-26T08:37:56.801Z] EMAIL DISPATCHED TO: alex.rivera@monitorpro.sre
SUBJECT: [CRITICAL] SRE Alert Triggered - https://thisdomaindoesnotexistatall12345.org

body { font-family: -apple-system, BlinkMacSystemFont, "Segoe UI", Roboto, sans-serif; color: #1e293b; background-color: #f8fafc; padding: 20px; }
          .card { max-width: 580px; margin: 0 auto; background: white; border-radius: 12px; border: 1px solid #e2e8f0; box-shadow: 0 4px 6px -1px rgba(0,...
--------------------------------------------------

[2026-05-26T08:37:56.804Z] EMAIL DISPATCHED TO: alex.rivera@monitorpro.sre
SUBJECT: [CRITICAL] SRE Alert Triggered - https://thisdomaindoesnotexistatall12345.org

body { font-family: -apple-system, BlinkMacSystemFont, "Segoe UI", Roboto, sans-serif; color: #1e293b; background-color: #f8fafc; padding: 20px; }
          .card { max-width: 580px; margin: 0 auto; background: white; border-radius: 12px; border: 1px solid #e2e8f0; box-shadow: 0 4px 6px -1px rgba(0,...
--------------------------------------------------

